Using pre-set license
Built from '2022.3/staging' branch; Version is '2022.3.53f1 (df4e529d20d3) revision 14634578'; Using compiler version '192829333'; Build Type 'Release'
OS: 'Windows 10  (10.0.19045) 64bit Education' Language: 'ko' Physical Memory: 32694 MB
BatchMode: 1, IsHumanControllingUs: 0, StartBugReporterOnCrash: 0, Is64bit: 1, IsPro: 1

COMMAND LINE ARGUMENTS:
C:\Program Files\Unity\Hub\Editor\2022.3.53f1\Editor\Unity.exe
-adb2
-batchMode
-noUpm
-name
AssetImportWorker1
-projectPath
C:/Users/GUNHYEONG/Desktop/UIProject
-logFile
Logs/AssetImportWorker1.log
-srvPort
59027
Successfully changed project path to: C:/Users/GUNHYEONG/Desktop/UIProject
C:/Users/GUNHYEONG/Desktop/UIProject
[UnityMemory] Configuration Parameters - Can be set up in boot.config
    "memorysetup-bucket-allocator-granularity=16"
    "memorysetup-bucket-allocator-bucket-count=8"
    "memorysetup-bucket-allocator-block-size=33554432"
    "memorysetup-bucket-allocator-block-count=8"
    "memorysetup-main-allocator-block-size=16777216"
    "memorysetup-thread-allocator-block-size=16777216"
    "memorysetup-gfx-main-allocator-block-size=16777216"
    "memorysetup-gfx-thread-allocator-block-size=16777216"
    "memorysetup-cache-allocator-block-size=4194304"
    "memorysetup-typetree-allocator-block-size=2097152"
    "memorysetup-profiler-bucket-allocator-granularity=16"
    "memorysetup-profiler-bucket-allocator-bucket-count=8"
    "memorysetup-profiler-bucket-allocator-block-size=33554432"
    "memorysetup-profiler-bucket-allocator-block-count=8"
    "memorysetup-profiler-allocator-block-size=16777216"
    "memorysetup-profiler-editor-allocator-block-size=1048576"
    "memorysetup-temp-allocator-size-main=16777216"
    "memorysetup-job-temp-allocator-block-size=2097152"
    "memorysetup-job-temp-allocator-block-size-background=1048576"
    "memorysetup-job-temp-allocator-reduction-small-platforms=262144"
    "memorysetup-allocator-temp-initial-block-size-main=262144"
    "memorysetup-allocator-temp-initial-block-size-worker=262144"
    "memorysetup-temp-allocator-size-background-worker=32768"
    "memorysetup-temp-allocator-size-job-worker=262144"
    "memorysetup-temp-allocator-size-preload-manager=33554432"
    "memorysetup-temp-allocator-size-nav-mesh-worker=65536"
    "memorysetup-temp-allocator-size-audio-worker=65536"
    "memorysetup-temp-allocator-size-cloud-worker=32768"
    "memorysetup-temp-allocator-size-gi-baking-worker=262144"
    "memorysetup-temp-allocator-size-gfx=262144"
Player connection [41084]  Target information:

Player connection [41084]  * "[IP] 192.168.20.3 [Port] 0 [Flags] 2 [Guid] 571917264 [EditorId] 571917264 [Version] 1048832 [Id] WindowsEditor(7,DESKTOP-FD3M0B4) [Debug] 1 [PackageName] WindowsEditor [ProjectName] Editor" 

Player connection [41084]  * "[IP] 192.168.137.1 [Port] 0 [Flags] 2 [Guid] 571917264 [EditorId] 571917264 [Version] 1048832 [Id] WindowsEditor(7,DESKTOP-FD3M0B4) [Debug] 1 [PackageName] WindowsEditor [ProjectName] Editor" 

Player connection [41084] Host joined multi-casting on [225.0.0.222:54997]...
Player connection [41084] Host joined alternative multi-casting on [225.0.0.222:34997]...
[PhysX] Initialized MultithreadedTaskDispatcher with 16 workers.
Refreshing native plugins compatible for Editor in 14.08 ms, found 3 plugins.
Preloading 0 native plugins for Editor in 0.00 ms.
Initialize engine version: 2022.3.53f1 (df4e529d20d3)
[Subsystems] Discovering subsystems at path C:/Program Files/Unity/Hub/Editor/2022.3.53f1/Editor/Data/Resources/UnitySubsystems
[Subsystems] Discovering subsystems at path C:/Users/GUNHYEONG/Desktop/UIProject/Assets
GfxDevice: creating device client; threaded=0; jobified=0
Direct3D:
    Version:  Direct3D 11.0 [level 11.1]
    Renderer: AMD Radeon RX 6600 (ID=0x73ff)
    Vendor:   ATI
    VRAM:     8147 MB
    Driver:   32.0.11027.1003
Initialize mono
Mono path[0] = 'C:/Program Files/Unity/Hub/Editor/2022.3.53f1/Editor/Data/Managed'
Mono path[1] = 'C:/Program Files/Unity/Hub/Editor/2022.3.53f1/Editor/Data/MonoBleedingEdge/lib/mono/unityjit-win32'
Mono config path = 'C:/Program Files/Unity/Hub/Editor/2022.3.53f1/Editor/Data/MonoBleedingEdge/etc'
Using monoOptions --debugger-agent=transport=dt_socket,embedding=1,server=y,suspend=n,address=127.0.0.1:56736
Begin MonoManager ReloadAssembly
Registering precompiled unity dll's ...
Register platform support module: C:/Program Files/Unity/Hub/Editor/2022.3.53f1/Editor/Data/PlaybackEngines/AndroidPlayer/UnityEditor.Android.Extensions.dll
Register platform support module: C:/Program Files/Unity/Hub/Editor/2022.3.53f1/Editor/Data/PlaybackEngines/WindowsStandaloneSupport/UnityEditor.WindowsStandalone.Extensions.dll
Registered in 0.014299 seconds.
- Loaded All Assemblies, in  0.311 seconds
Native extension for WindowsStandalone target not found
Native extension for Android target not found
Android Extension - Scanning For ADB Devices 446 ms
Mono: successfully reloaded assembly
- Finished resetting the current domain, in  0.767 seconds
Domain Reload Profiling: 1075ms
	BeginReloadAssembly (98ms)
		ExecutionOrderSort (0ms)
		DisableScriptedObjects (0ms)
		BackupInstance (0ms)
		ReleaseScriptingObjects (0ms)
		CreateAndSetChildDomain (1ms)
	RebuildCommonClasses (25ms)
	RebuildNativeTypeToScriptingClass (8ms)
	initialDomainReloadingComplete (62ms)
	LoadAllAssembliesAndSetupDomain (116ms)
		LoadAssemblies (94ms)
		RebuildTransferFunctionScriptingTraits (0ms)
		AnalyzeDomain (114ms)
			TypeCache.Refresh (112ms)
				TypeCache.ScanAssembly (101ms)
			ScanForSourceGeneratedMonoScriptInfo (0ms)
			ResolveRequiredComponents (1ms)
	FinalizeReload (767ms)
		ReleaseScriptCaches (0ms)
		RebuildScriptCaches (0ms)
		SetupLoadedEditorAssemblies (723ms)
			LogAssemblyErrors (0ms)
			InitializePlatformSupportModulesInManaged (518ms)
			SetLoadedEditorAssemblies (5ms)
			RefreshPlugins (0ms)
			BeforeProcessingInitializeOnLoad (3ms)
			ProcessInitializeOnLoadAttributes (149ms)
			ProcessInitializeOnLoadMethodAttributes (47ms)
			AfterProcessingInitializeOnLoad (0ms)
			EditorAssembliesLoaded (0ms)
		ExecutionOrderSort2 (0ms)
		AwakeInstancesAfterBackupRestoration (0ms)
========================================================================
Worker process is ready to serve import requests
Caller must complete domain reload
Begin MonoManager ReloadAssembly
- Loaded All Assemblies, in  0.828 seconds
Native extension for WindowsStandalone target not found
Native extension for Android target not found
Mono: successfully reloaded assembly
- Finished resetting the current domain, in  0.768 seconds
Domain Reload Profiling: 1587ms
	BeginReloadAssembly (193ms)
		ExecutionOrderSort (0ms)
		DisableScriptedObjects (8ms)
		BackupInstance (0ms)
		ReleaseScriptingObjects (0ms)
		CreateAndSetChildDomain (29ms)
	RebuildCommonClasses (34ms)
	RebuildNativeTypeToScriptingClass (11ms)
	initialDomainReloadingComplete (57ms)
	LoadAllAssembliesAndSetupDomain (525ms)
		LoadAssemblies (430ms)
		RebuildTransferFunctionScriptingTraits (0ms)
		AnalyzeDomain (212ms)
			TypeCache.Refresh (186ms)
				TypeCache.ScanAssembly (167ms)
			ScanForSourceGeneratedMonoScriptInfo (19ms)
			ResolveRequiredComponents (5ms)
	FinalizeReload (768ms)
		ReleaseScriptCaches (0ms)
		RebuildScriptCaches (0ms)
		SetupLoadedEditorAssemblies (630ms)
			LogAssemblyErrors (0ms)
			InitializePlatformSupportModulesInManaged (23ms)
			SetLoadedEditorAssemblies (4ms)
			RefreshPlugins (0ms)
			BeforeProcessingInitializeOnLoad (127ms)
			ProcessInitializeOnLoadAttributes (400ms)
			ProcessInitializeOnLoadMethodAttributes (61ms)
			AfterProcessingInitializeOnLoad (14ms)
			EditorAssembliesLoaded (0ms)
		ExecutionOrderSort2 (0ms)
		AwakeInstancesAfterBackupRestoration (7ms)
Launched and connected shader compiler UnityShaderCompiler.exe after 0.07 seconds
Refreshing native plugins compatible for Editor in 6.15 ms, found 3 plugins.
Preloading 0 native plugins for Editor in 0.00 ms.
Unloading 4313 Unused Serialized files (Serialized files now loaded: 0)
Unloading 21 unused Assets / (343.1 KB). Loaded Objects now: 4780.
Memory consumption went from 156.5 MB to 156.2 MB.
Total: 3.392300 ms (FindLiveObjects: 0.283300 ms CreateObjectMapping: 0.099100 ms MarkObjects: 2.829500 ms  DeleteObjects: 0.179600 ms)

AssetImportParameters requested are different than current active one (requested -> active):
  custom:container-demuxer-ogg: 62fdf1f143b41e24485cea50d1cbac27 -> 
  custom:video-decoder-ogg-theora: a1e56fd34408186e4bbccfd4996cb3dc -> 
  custom:framework-win-MediaFoundation: 216162199b28c13a410421893ffa2e32 -> 
  custom:CustomObjectIndexerAttribute: 9a22284fe3817be447336de3de66b15e -> 
  custom:container-demuxer-webm: 4f35f7cbe854078d1ac9338744f61a02 -> 
  custom:container-muxer-webm: aa71ff27fc2769a1b78a27578f13a17b -> 
  custom:video-decoder-webm-vp8: 9c59270c3fd7afecdb556c50c9e8de78 -> 
  custom:SearchIndexIgnoredProperties: e643bd26f0fe6173181afceb89e7c659 -> 
  custom:AudioImporter_EditorPlatform: d09bf68614088b80899f8185d706f6e7 -> 
  custom:video-encoder-webm-vp8: eb34c28f22e8b96e1ab97ce403110664 -> 
  custom:audio-decoder-ogg-vorbis: bf7c407c2cedff20999df2af8eb42d56 -> 
  custom:audio-encoder-webm-vorbis: bf7c407c2cedff20999df2af8eb42d56 -> 
========================================================================
Received Import Request.
  Time since last request: 26210.081841 seconds.
  path: Assets/polyperfect/2D SDF Nodes/Examples/Prefabs/Example Enable Keywords (Output).prefab
  artifactKey: Guid(427767933dbf61c4a8493060ae0a8fa6) Importer(815301076,1909f56bfc062723c751e8b465ee728b)
Start importing Assets/polyperfect/2D SDF Nodes/Examples/Prefabs/Example Enable Keywords (Output).prefab using Guid(427767933dbf61c4a8493060ae0a8fa6) Importer(815301076,1909f56bfc062723c751e8b465ee728b) [PhysX] Initialized MultithreadedTaskDispatcher with 16 workers.
 -> (artifact id: '742cd04486b6a04dbb27dcd93a7286f1') in 0.023776 seconds
Number of updated asset objects reloaded before import = 0
Number of asset objects unloaded after import = 7
========================================================================
Received Import Request.
  Time since last request: 0.000011 seconds.
  path: Assets/polyperfect/2D SDF Nodes/Examples/Prefabs/SDF Canvas Test (Smooth Union).prefab
  artifactKey: Guid(f250897ba71c3994996de0df536c2636) Importer(815301076,1909f56bfc062723c751e8b465ee728b)
Start importing Assets/polyperfect/2D SDF Nodes/Examples/Prefabs/SDF Canvas Test (Smooth Union).prefab using Guid(f250897ba71c3994996de0df536c2636) Importer(815301076,1909f56bfc062723c751e8b465ee728b) [PhysX] Initialized MultithreadedTaskDispatcher with 16 workers.
 -> (artifact id: '272aa789cdad16c641a04b56207807ae') in 0.044908 seconds
Number of updated asset objects reloaded before import = 0
Number of asset objects unloaded after import = 117
========================================================================
Received Import Request.
  Time since last request: 137.011663 seconds.
  path: Assets/polyperfect/2D SDF Nodes/Examples/04_Radar/SDF_Radar.mat
  artifactKey: Guid(1c184256b1af35d458c74ca53c9a2c45) Importer(815301076,1909f56bfc062723c751e8b465ee728b)
Start importing Assets/polyperfect/2D SDF Nodes/Examples/04_Radar/SDF_Radar.mat using Guid(1c184256b1af35d458c74ca53c9a2c45) Importer(815301076,1909f56bfc062723c751e8b465ee728b) [PhysX] Initialized MultithreadedTaskDispatcher with 16 workers.
[PhysX] Initialized MultithreadedTaskDispatcher with 16 workers.
 -> (artifact id: '3ba42751e4250c486075911b0d178913') in 0.384614 seconds
Number of updated asset objects reloaded before import = 0
Number of asset objects unloaded after import = 2
========================================================================
Received Prepare
Caller must complete domain reload
Begin MonoManager ReloadAssembly
- Loaded All Assemblies, in  0.484 seconds
Native extension for WindowsStandalone target not found
Native extension for Android target not found
Mono: successfully reloaded assembly
- Finished resetting the current domain, in  1.294 seconds
Domain Reload Profiling: 1771ms
	BeginReloadAssembly (155ms)
		ExecutionOrderSort (0ms)
		DisableScriptedObjects (3ms)
		BackupInstance (0ms)
		ReleaseScriptingObjects (0ms)
		CreateAndSetChildDomain (40ms)
	RebuildCommonClasses (25ms)
	RebuildNativeTypeToScriptingClass (9ms)
	initialDomainReloadingComplete (34ms)
	LoadAllAssembliesAndSetupDomain (253ms)
		LoadAssemblies (322ms)
		RebuildTransferFunctionScriptingTraits (0ms)
		AnalyzeDomain (12ms)
			TypeCache.Refresh (5ms)
				TypeCache.ScanAssembly (0ms)
			ScanForSourceGeneratedMonoScriptInfo (0ms)
			ResolveRequiredComponents (6ms)
	FinalizeReload (1294ms)
		ReleaseScriptCaches (0ms)
		RebuildScriptCaches (0ms)
		SetupLoadedEditorAssemblies (499ms)
			LogAssemblyErrors (0ms)
			InitializePlatformSupportModulesInManaged (20ms)
			SetLoadedEditorAssemblies (4ms)
			RefreshPlugins (0ms)
			BeforeProcessingInitializeOnLoad (101ms)
			ProcessInitializeOnLoadAttributes (315ms)
			ProcessInitializeOnLoadMethodAttributes (48ms)
			AfterProcessingInitializeOnLoad (11ms)
			EditorAssembliesLoaded (0ms)
		ExecutionOrderSort2 (0ms)
		AwakeInstancesAfterBackupRestoration (6ms)
Refreshing native plugins compatible for Editor in 4.58 ms, found 3 plugins.
Preloading 0 native plugins for Editor in 0.00 ms.
Unloading 4281 Unused Serialized files (Serialized files now loaded: 0)
Unloading 22 unused Assets / (319.4 KB). Loaded Objects now: 4825.
Memory consumption went from 154.8 MB to 154.5 MB.
Total: 2.489900 ms (FindLiveObjects: 0.279500 ms CreateObjectMapping: 0.092800 ms MarkObjects: 2.024500 ms  DeleteObjects: 0.092300 ms)

Prepare: number of updated asset objects reloaded= 0
AssetImportParameters requested are different than current active one (requested -> active):
  custom:container-demuxer-ogg: 62fdf1f143b41e24485cea50d1cbac27 -> 
  custom:video-decoder-ogg-theora: a1e56fd34408186e4bbccfd4996cb3dc -> 
  custom:framework-win-MediaFoundation: 216162199b28c13a410421893ffa2e32 -> 
  custom:CustomObjectIndexerAttribute: 9a22284fe3817be447336de3de66b15e -> 
  custom:container-demuxer-webm: 4f35f7cbe854078d1ac9338744f61a02 -> 
  custom:container-muxer-webm: aa71ff27fc2769a1b78a27578f13a17b -> 
  custom:video-decoder-webm-vp8: 9c59270c3fd7afecdb556c50c9e8de78 -> 
  custom:SearchIndexIgnoredProperties: e643bd26f0fe6173181afceb89e7c659 -> 
  custom:AudioImporter_EditorPlatform: d09bf68614088b80899f8185d706f6e7 -> 
  custom:video-encoder-webm-vp8: eb34c28f22e8b96e1ab97ce403110664 -> 
  custom:audio-decoder-ogg-vorbis: bf7c407c2cedff20999df2af8eb42d56 -> 
  custom:audio-encoder-webm-vorbis: bf7c407c2cedff20999df2af8eb42d56 -> 
========================================================================
Received Prepare
Caller must complete domain reload
Begin MonoManager ReloadAssembly
- Loaded All Assemblies, in  0.528 seconds
Native extension for WindowsStandalone target not found
Native extension for Android target not found
Mono: successfully reloaded assembly
- Finished resetting the current domain, in  1.279 seconds
Domain Reload Profiling: 1800ms
	BeginReloadAssembly (151ms)
		ExecutionOrderSort (0ms)
		DisableScriptedObjects (4ms)
		BackupInstance (0ms)
		ReleaseScriptingObjects (0ms)
		CreateAndSetChildDomain (33ms)
	RebuildCommonClasses (42ms)
	RebuildNativeTypeToScriptingClass (13ms)
	initialDomainReloadingComplete (37ms)
	LoadAllAssembliesAndSetupDomain (278ms)
		LoadAssemblies (349ms)
		RebuildTransferFunctionScriptingTraits (0ms)
		AnalyzeDomain (11ms)
			TypeCache.Refresh (4ms)
				TypeCache.ScanAssembly (0ms)
			ScanForSourceGeneratedMonoScriptInfo (0ms)
			ResolveRequiredComponents (6ms)
	FinalizeReload (1279ms)
		ReleaseScriptCaches (0ms)
		RebuildScriptCaches (0ms)
		SetupLoadedEditorAssemblies (518ms)
			LogAssemblyErrors (0ms)
			InitializePlatformSupportModulesInManaged (22ms)
			SetLoadedEditorAssemblies (4ms)
			RefreshPlugins (0ms)
			BeforeProcessingInitializeOnLoad (110ms)
			ProcessInitializeOnLoadAttributes (325ms)
			ProcessInitializeOnLoadMethodAttributes (45ms)
			AfterProcessingInitializeOnLoad (12ms)
			EditorAssembliesLoaded (0ms)
		ExecutionOrderSort2 (0ms)
		AwakeInstancesAfterBackupRestoration (6ms)
Refreshing native plugins compatible for Editor in 5.89 ms, found 3 plugins.
Preloading 0 native plugins for Editor in 0.00 ms.
Unloading 4281 Unused Serialized files (Serialized files now loaded: 0)
Unloading 16 unused Assets / (314.8 KB). Loaded Objects now: 4828.
Memory consumption went from 154.7 MB to 154.4 MB.
Total: 5.020900 ms (FindLiveObjects: 0.286400 ms CreateObjectMapping: 0.219800 ms MarkObjects: 4.371800 ms  DeleteObjects: 0.141700 ms)

Prepare: number of updated asset objects reloaded= 0
AssetImportParameters requested are different than current active one (requested -> active):
  custom:container-demuxer-ogg: 62fdf1f143b41e24485cea50d1cbac27 -> 
  custom:video-decoder-ogg-theora: a1e56fd34408186e4bbccfd4996cb3dc -> 
  custom:framework-win-MediaFoundation: 216162199b28c13a410421893ffa2e32 -> 
  custom:CustomObjectIndexerAttribute: 9a22284fe3817be447336de3de66b15e -> 
  custom:container-demuxer-webm: 4f35f7cbe854078d1ac9338744f61a02 -> 
  custom:container-muxer-webm: aa71ff27fc2769a1b78a27578f13a17b -> 
  custom:video-decoder-webm-vp8: 9c59270c3fd7afecdb556c50c9e8de78 -> 
  custom:SearchIndexIgnoredProperties: e643bd26f0fe6173181afceb89e7c659 -> 
  custom:AudioImporter_EditorPlatform: d09bf68614088b80899f8185d706f6e7 -> 
  custom:video-encoder-webm-vp8: eb34c28f22e8b96e1ab97ce403110664 -> 
  custom:audio-decoder-ogg-vorbis: bf7c407c2cedff20999df2af8eb42d56 -> 
  custom:audio-encoder-webm-vorbis: bf7c407c2cedff20999df2af8eb42d56 -> 
========================================================================
Received Import Request.
  Time since last request: 148.616857 seconds.
  path: Assets/polyperfect/2D SDF Nodes/Sub Graphs/Modifiers/SDF_Round.shadersubgraph
  artifactKey: Guid(b3f8322e400d26c429ee5ea0b39bd953) Importer(815301076,1909f56bfc062723c751e8b465ee728b)
Start importing Assets/polyperfect/2D SDF Nodes/Sub Graphs/Modifiers/SDF_Round.shadersubgraph using Guid(b3f8322e400d26c429ee5ea0b39bd953) Importer(815301076,1909f56bfc062723c751e8b465ee728b) [PhysX] Initialized MultithreadedTaskDispatcher with 16 workers.
 -> (artifact id: 'e129168305ee334d69335bdf6dcbaa0d') in 0.011658 seconds
Number of updated asset objects reloaded before import = 0
Number of asset objects unloaded after import = 1
========================================================================
Received Import Request.
  Time since last request: 0.507471 seconds.
  path: Assets/polyperfect/2D SDF Nodes/Sub Graphs/Sampling/SDF_Sample_Hard.shadersubgraph
  artifactKey: Guid(5970933de1c7a8b4c909417864a2c16c) Importer(815301076,1909f56bfc062723c751e8b465ee728b)
Start importing Assets/polyperfect/2D SDF Nodes/Sub Graphs/Sampling/SDF_Sample_Hard.shadersubgraph using Guid(5970933de1c7a8b4c909417864a2c16c) Importer(815301076,1909f56bfc062723c751e8b465ee728b) [PhysX] Initialized MultithreadedTaskDispatcher with 16 workers.
 -> (artifact id: '93d9573e336ad8ba46822843d2a7d994') in 0.001244 seconds
Number of updated asset objects reloaded before import = 0
Number of asset objects unloaded after import = 1
========================================================================
Received Import Request.
  Time since last request: 13.652870 seconds.
  path: Assets/polyperfect/2D SDF Nodes/Sub Graphs/Combinations/SDF_Interpolate.shadersubgraph
  artifactKey: Guid(90fbf129c75c1404491d15fb5aed867c) Importer(815301076,1909f56bfc062723c751e8b465ee728b)
Start importing Assets/polyperfect/2D SDF Nodes/Sub Graphs/Combinations/SDF_Interpolate.shadersubgraph using Guid(90fbf129c75c1404491d15fb5aed867c) Importer(815301076,1909f56bfc062723c751e8b465ee728b) [PhysX] Initialized MultithreadedTaskDispatcher with 16 workers.
 -> (artifact id: '157af64effad754de483f6e8323f6d1f') in 0.001508 seconds
Number of updated asset objects reloaded before import = 0
Number of asset objects unloaded after import = 1
========================================================================
Received Import Request.
  Time since last request: 0.028514 seconds.
  path: Assets/polyperfect/2D SDF Nodes/Sub Graphs/Combinations/SDF_SmoothIntersection.shadersubgraph
  artifactKey: Guid(ec3f09f448dd93e4685c9cd56e6d9dcc) Importer(815301076,1909f56bfc062723c751e8b465ee728b)
Start importing Assets/polyperfect/2D SDF Nodes/Sub Graphs/Combinations/SDF_SmoothIntersection.shadersubgraph using Guid(ec3f09f448dd93e4685c9cd56e6d9dcc) Importer(815301076,1909f56bfc062723c751e8b465ee728b) [PhysX] Initialized MultithreadedTaskDispatcher with 16 workers.
 -> (artifact id: '07a6e98dc518191b05fe076aeb04cb75') in 0.001625 seconds
Number of updated asset objects reloaded before import = 0
Number of asset objects unloaded after import = 1
========================================================================
Received Import Request.
  Time since last request: 0.000012 seconds.
  path: Assets/polyperfect/2D SDF Nodes/Sub Graphs/Combinations/SDF_Subtract.shadersubgraph
  artifactKey: Guid(c85238b5567b03645a2028ee47393935) Importer(815301076,1909f56bfc062723c751e8b465ee728b)
Start importing Assets/polyperfect/2D SDF Nodes/Sub Graphs/Combinations/SDF_Subtract.shadersubgraph using Guid(c85238b5567b03645a2028ee47393935) Importer(815301076,1909f56bfc062723c751e8b465ee728b) [PhysX] Initialized MultithreadedTaskDispatcher with 16 workers.
 -> (artifact id: '01fd76cee174efd020466cf8d87c5f7b') in 0.001155 seconds
Number of updated asset objects reloaded before import = 0
Number of asset objects unloaded after import = 1
========================================================================
Received Import Request.
  Time since last request: 0.000015 seconds.
  path: Assets/polyperfect/2D SDF Nodes/Sub Graphs/Combinations/SDF_Intersection.shadersubgraph
  artifactKey: Guid(1e57cfbcca542674f92ce8838f509a94) Importer(815301076,1909f56bfc062723c751e8b465ee728b)
Start importing Assets/polyperfect/2D SDF Nodes/Sub Graphs/Combinations/SDF_Intersection.shadersubgraph using Guid(1e57cfbcca542674f92ce8838f509a94) Importer(815301076,1909f56bfc062723c751e8b465ee728b) [PhysX] Initialized MultithreadedTaskDispatcher with 16 workers.
 -> (artifact id: '760b8e93c99d3a07699ee92b0943658f') in 0.000989 seconds
Number of updated asset objects reloaded before import = 0
Number of asset objects unloaded after import = 1
========================================================================
Received Import Request.
  Time since last request: 1.016930 seconds.
  path: Assets/polyperfect/2D SDF Nodes/Sub Graphs/Shapes/BlobbyCross.shadersubgraph
  artifactKey: Guid(4f36b68d2ce9b68428c1097b43516268) Importer(815301076,1909f56bfc062723c751e8b465ee728b)
Start importing Assets/polyperfect/2D SDF Nodes/Sub Graphs/Shapes/BlobbyCross.shadersubgraph using Guid(4f36b68d2ce9b68428c1097b43516268) Importer(815301076,1909f56bfc062723c751e8b465ee728b) [PhysX] Initialized MultithreadedTaskDispatcher with 16 workers.
 -> (artifact id: '68bd0ea5a3df8e907a2a473aec546329') in 0.001551 seconds
Number of updated asset objects reloaded before import = 0
Number of asset objects unloaded after import = 1
========================================================================
Received Import Request.
  Time since last request: 0.026836 seconds.
  path: Assets/polyperfect/2D SDF Nodes/Sub Graphs/Shapes/CutDisk.shadersubgraph
  artifactKey: Guid(48f509fa01549d84496f5f94b4c62a67) Importer(815301076,1909f56bfc062723c751e8b465ee728b)
Start importing Assets/polyperfect/2D SDF Nodes/Sub Graphs/Shapes/CutDisk.shadersubgraph using Guid(48f509fa01549d84496f5f94b4c62a67) Importer(815301076,1909f56bfc062723c751e8b465ee728b) [PhysX] Initialized MultithreadedTaskDispatcher with 16 workers.
 -> (artifact id: 'd35fb244fc8c5d6cdc60026d766f432d') in 0.001931 seconds
Number of updated asset objects reloaded before import = 0
Number of asset objects unloaded after import = 1
========================================================================
Received Import Request.
  Time since last request: 0.000016 seconds.
  path: Assets/polyperfect/2D SDF Nodes/Sub Graphs/Shapes/Heart.shadersubgraph
  artifactKey: Guid(b585e571ba314454f9ce336c292fa882) Importer(815301076,1909f56bfc062723c751e8b465ee728b)
Start importing Assets/polyperfect/2D SDF Nodes/Sub Graphs/Shapes/Heart.shadersubgraph using Guid(b585e571ba314454f9ce336c292fa882) Importer(815301076,1909f56bfc062723c751e8b465ee728b) [PhysX] Initialized MultithreadedTaskDispatcher with 16 workers.
 -> (artifact id: '8c39d108654417404c9ffcf56409b335') in 0.001495 seconds
Number of updated asset objects reloaded before import = 0
Number of asset objects unloaded after import = 1
========================================================================
Received Import Request.
  Time since last request: 0.000016 seconds.
  path: Assets/polyperfect/2D SDF Nodes/Sub Graphs/Shapes/Triangle.shadersubgraph
  artifactKey: Guid(7f09624b46af04c4d853674a79d0e796) Importer(815301076,1909f56bfc062723c751e8b465ee728b)
Start importing Assets/polyperfect/2D SDF Nodes/Sub Graphs/Shapes/Triangle.shadersubgraph using Guid(7f09624b46af04c4d853674a79d0e796) Importer(815301076,1909f56bfc062723c751e8b465ee728b) [PhysX] Initialized MultithreadedTaskDispatcher with 16 workers.
 -> (artifact id: '76a825e4eea8274f179ca526b94b7066') in 0.001406 seconds
Number of updated asset objects reloaded before import = 0
Number of asset objects unloaded after import = 1
========================================================================
Received Import Request.
  Time since last request: 0.000017 seconds.
  path: Assets/polyperfect/2D SDF Nodes/Sub Graphs/Shapes/Cross.shadersubgraph
  artifactKey: Guid(7a223702439c0a341bc3dbea8b66699a) Importer(815301076,1909f56bfc062723c751e8b465ee728b)
Start importing Assets/polyperfect/2D SDF Nodes/Sub Graphs/Shapes/Cross.shadersubgraph using Guid(7a223702439c0a341bc3dbea8b66699a) Importer(815301076,1909f56bfc062723c751e8b465ee728b) [PhysX] Initialized MultithreadedTaskDispatcher with 16 workers.
 -> (artifact id: 'acef0169008b82c88c6ea6be4abf3b7d') in 0.001632 seconds
Number of updated asset objects reloaded before import = 0
Number of asset objects unloaded after import = 1
========================================================================
Received Import Request.
  Time since last request: 0.000011 seconds.
  path: Assets/polyperfect/2D SDF Nodes/Sub Graphs/Shapes/Moon.shadersubgraph
  artifactKey: Guid(9c2f83082fb2c7e4ca16e17079174d06) Importer(815301076,1909f56bfc062723c751e8b465ee728b)
Start importing Assets/polyperfect/2D SDF Nodes/Sub Graphs/Shapes/Moon.shadersubgraph using Guid(9c2f83082fb2c7e4ca16e17079174d06) Importer(815301076,1909f56bfc062723c751e8b465ee728b) [PhysX] Initialized MultithreadedTaskDispatcher with 16 workers.
 -> (artifact id: 'cb02239198e71170be4556c178eadbf1') in 0.000978 seconds
Number of updated asset objects reloaded before import = 0
Number of asset objects unloaded after import = 1
========================================================================
Received Import Request.
  Time since last request: 0.000014 seconds.
  path: Assets/polyperfect/2D SDF Nodes/Sub Graphs/Shapes/Pentagon.shadersubgraph
  artifactKey: Guid(6cee1d9b1f9aa8645beb9b440710cf48) Importer(815301076,1909f56bfc062723c751e8b465ee728b)
Start importing Assets/polyperfect/2D SDF Nodes/Sub Graphs/Shapes/Pentagon.shadersubgraph using Guid(6cee1d9b1f9aa8645beb9b440710cf48) Importer(815301076,1909f56bfc062723c751e8b465ee728b) [PhysX] Initialized MultithreadedTaskDispatcher with 16 workers.
 -> (artifact id: '326e4499ba12a679a4f5a90855e5c2f9') in 0.001012 seconds
Number of updated asset objects reloaded before import = 0
Number of asset objects unloaded after import = 1
========================================================================
Received Import Request.
  Time since last request: 0.000012 seconds.
  path: Assets/polyperfect/2D SDF Nodes/Sub Graphs/Shapes/Tunnel.shadersubgraph
  artifactKey: Guid(ca6cdffa64f2dbd44b8bd294b54ae419) Importer(815301076,1909f56bfc062723c751e8b465ee728b)
Start importing Assets/polyperfect/2D SDF Nodes/Sub Graphs/Shapes/Tunnel.shadersubgraph using Guid(ca6cdffa64f2dbd44b8bd294b54ae419) Importer(815301076,1909f56bfc062723c751e8b465ee728b) [PhysX] Initialized MultithreadedTaskDispatcher with 16 workers.
 -> (artifact id: 'af4d64387fec7eca59b000e12942d085') in 0.001129 seconds
Number of updated asset objects reloaded before import = 0
Number of asset objects unloaded after import = 1
========================================================================
Received Import Request.
  Time since last request: 0.000017 seconds.
  path: Assets/polyperfect/2D SDF Nodes/Sub Graphs/Shapes/TriangleIsosceles.shadersubgraph
  artifactKey: Guid(256b10cba1ede23438f7df28ec33bdf9) Importer(815301076,1909f56bfc062723c751e8b465ee728b)
Start importing Assets/polyperfect/2D SDF Nodes/Sub Graphs/Shapes/TriangleIsosceles.shadersubgraph using Guid(256b10cba1ede23438f7df28ec33bdf9) Importer(815301076,1909f56bfc062723c751e8b465ee728b) [PhysX] Initialized MultithreadedTaskDispatcher with 16 workers.
 -> (artifact id: '03729607e1510e0aa5fe649fd273f69f') in 0.001213 seconds
Number of updated asset objects reloaded before import = 0
Number of asset objects unloaded after import = 1
========================================================================
Received Import Request.
  Time since last request: 0.000011 seconds.
  path: Assets/polyperfect/2D SDF Nodes/Sub Graphs/Shapes/Parabola_Segment.shadersubgraph
  artifactKey: Guid(a52c587ac0d8abc4abc5ef79f532ee07) Importer(815301076,1909f56bfc062723c751e8b465ee728b)
Start importing Assets/polyperfect/2D SDF Nodes/Sub Graphs/Shapes/Parabola_Segment.shadersubgraph using Guid(a52c587ac0d8abc4abc5ef79f532ee07) Importer(815301076,1909f56bfc062723c751e8b465ee728b) [PhysX] Initialized MultithreadedTaskDispatcher with 16 workers.
 -> (artifact id: '307caf8709c7e579ced644b96ad2ce83') in 0.001377 seconds
Number of updated asset objects reloaded before import = 0
Number of asset objects unloaded after import = 1
========================================================================
Received Import Request.
  Time since last request: 0.000016 seconds.
  path: Assets/polyperfect/2D SDF Nodes/Sub Graphs/Shapes/Pie.shadersubgraph
  artifactKey: Guid(7a41a2ae8b55fda47aaf105fc8f38e60) Importer(815301076,1909f56bfc062723c751e8b465ee728b)
Start importing Assets/polyperfect/2D SDF Nodes/Sub Graphs/Shapes/Pie.shadersubgraph using Guid(7a41a2ae8b55fda47aaf105fc8f38e60) Importer(815301076,1909f56bfc062723c751e8b465ee728b) [PhysX] Initialized MultithreadedTaskDispatcher with 16 workers.
 -> (artifact id: 'c2a11ed68eba2541f402bc516aeb9e07') in 0.001146 seconds
Number of updated asset objects reloaded before import = 0
Number of asset objects unloaded after import = 1
========================================================================
Received Import Request.
  Time since last request: 0.000013 seconds.
  path: Assets/polyperfect/2D SDF Nodes/Sub Graphs/Shapes/Rhombus.shadersubgraph
  artifactKey: Guid(44b7c098fd9776c49a91e0395eee7fd5) Importer(815301076,1909f56bfc062723c751e8b465ee728b)
Start importing Assets/polyperfect/2D SDF Nodes/Sub Graphs/Shapes/Rhombus.shadersubgraph using Guid(44b7c098fd9776c49a91e0395eee7fd5) Importer(815301076,1909f56bfc062723c751e8b465ee728b) [PhysX] Initialized MultithreadedTaskDispatcher with 16 workers.
 -> (artifact id: '0905d85602036a83a949d92c8fd179e1') in 0.001167 seconds
Number of updated asset objects reloaded before import = 0
Number of asset objects unloaded after import = 1
========================================================================
Received Import Request.
  Time since last request: 0.000016 seconds.
  path: Assets/polyperfect/2D SDF Nodes/Sub Graphs/Shapes/EquilateralTriangle.shadersubgraph
  artifactKey: Guid(c0f718ea8588d1849947bfa954fd51aa) Importer(815301076,1909f56bfc062723c751e8b465ee728b)
Start importing Assets/polyperfect/2D SDF Nodes/Sub Graphs/Shapes/EquilateralTriangle.shadersubgraph using Guid(c0f718ea8588d1849947bfa954fd51aa) Importer(815301076,1909f56bfc062723c751e8b465ee728b) [PhysX] Initialized MultithreadedTaskDispatcher with 16 workers.
 -> (artifact id: '0af1817d218eb9112bc9f5d0b8729847') in 0.001742 seconds
Number of updated asset objects reloaded before import = 0
Number of asset objects unloaded after import = 1
========================================================================
Received Import Request.
  Time since last request: 0.000041 seconds.
  path: Assets/polyperfect/2D SDF Nodes/Sub Graphs/Shapes/Hexagon.shadersubgraph
  artifactKey: Guid(3ef9540f66b87924798a9f955e219c4c) Importer(815301076,1909f56bfc062723c751e8b465ee728b)
Start importing Assets/polyperfect/2D SDF Nodes/Sub Graphs/Shapes/Hexagon.shadersubgraph using Guid(3ef9540f66b87924798a9f955e219c4c) Importer(815301076,1909f56bfc062723c751e8b465ee728b) [PhysX] Initialized MultithreadedTaskDispatcher with 16 workers.
 -> (artifact id: '105f6ccdfab84102e7150add4627cc27') in 0.001819 seconds
Number of updated asset objects reloaded before import = 0
Number of asset objects unloaded after import = 1
========================================================================
Received Import Request.
  Time since last request: 0.000017 seconds.
  path: Assets/polyperfect/2D SDF Nodes/Sub Graphs/Shapes/RoundedBox.shadersubgraph
  artifactKey: Guid(67dd5509c8608904c972ba3710786db8) Importer(815301076,1909f56bfc062723c751e8b465ee728b)
Start importing Assets/polyperfect/2D SDF Nodes/Sub Graphs/Shapes/RoundedBox.shadersubgraph using Guid(67dd5509c8608904c972ba3710786db8) Importer(815301076,1909f56bfc062723c751e8b465ee728b) [PhysX] Initialized MultithreadedTaskDispatcher with 16 workers.
 -> (artifact id: '930285552ad2867e93b449d8b5785426') in 0.001843 seconds
Number of updated asset objects reloaded before import = 0
Number of asset objects unloaded after import = 1
Editor requested this worker to shutdown with reason: Scaling down because of idle timeout
TcpMessagingSession - receive error: operation aborted. errorcode: 995, details: 스레드 종료 또는 응용 프로그램 요청 때문에 I/O 작업이 취소되었습니다.
AssetImportWorker is now disconnected from the server
Process exiting
Exiting without the bug reporter. Application will terminate with return code 0