Using pre-set license
Built from '2022.3/staging' branch; Version is '2022.3.53f1 (df4e529d20d3) revision 14634578'; Using compiler version '192829333'; Build Type 'Release'
OS: 'Windows 10  (10.0.19045) 64bit Education' Language: 'ko' Physical Memory: 32694 MB
BatchMode: 1, IsHumanControllingUs: 0, StartBugReporterOnCrash: 0, Is64bit: 1, IsPro: 1

COMMAND LINE ARGUMENTS:
C:\Program Files\Unity\Hub\Editor\2022.3.53f1\Editor\Unity.exe
-adb2
-batchMode
-noUpm
-name
AssetImportWorker4
-projectPath
C:/Users/GUNHYEONG/Desktop/UIProject
-logFile
Logs/AssetImportWorker4.log
-srvPort
57889
Successfully changed project path to: C:/Users/GUNHYEONG/Desktop/UIProject
C:/Users/GUNHYEONG/Desktop/UIProject
[UnityMemory] Configuration Parameters - Can be set up in boot.config
    "memorysetup-bucket-allocator-granularity=16"
    "memorysetup-bucket-allocator-bucket-count=8"
    "memorysetup-bucket-allocator-block-size=33554432"
    "memorysetup-bucket-allocator-block-count=8"
    "memorysetup-main-allocator-block-size=16777216"
    "memorysetup-thread-allocator-block-size=16777216"
    "memorysetup-gfx-main-allocator-block-size=16777216"
    "memorysetup-gfx-thread-allocator-block-size=16777216"
    "memorysetup-cache-allocator-block-size=4194304"
    "memorysetup-typetree-allocator-block-size=2097152"
    "memorysetup-profiler-bucket-allocator-granularity=16"
    "memorysetup-profiler-bucket-allocator-bucket-count=8"
    "memorysetup-profiler-bucket-allocator-block-size=33554432"
    "memorysetup-profiler-bucket-allocator-block-count=8"
    "memorysetup-profiler-allocator-block-size=16777216"
    "memorysetup-profiler-editor-allocator-block-size=1048576"
    "memorysetup-temp-allocator-size-main=16777216"
    "memorysetup-job-temp-allocator-block-size=2097152"
    "memorysetup-job-temp-allocator-block-size-background=1048576"
    "memorysetup-job-temp-allocator-reduction-small-platforms=262144"
    "memorysetup-allocator-temp-initial-block-size-main=262144"
    "memorysetup-allocator-temp-initial-block-size-worker=262144"
    "memorysetup-temp-allocator-size-background-worker=32768"
    "memorysetup-temp-allocator-size-job-worker=262144"
    "memorysetup-temp-allocator-size-preload-manager=33554432"
    "memorysetup-temp-allocator-size-nav-mesh-worker=65536"
    "memorysetup-temp-allocator-size-audio-worker=65536"
    "memorysetup-temp-allocator-size-cloud-worker=32768"
    "memorysetup-temp-allocator-size-gi-baking-worker=262144"
    "memorysetup-temp-allocator-size-gfx=262144"
Player connection [23400]  Target information:

Player connection [23400]  * "[IP] 192.168.20.3 [Port] 0 [Flags] 2 [Guid] 3165738385 [EditorId] 3165738385 [Version] 1048832 [Id] WindowsEditor(7,DESKTOP-FD3M0B4) [Debug] 1 [PackageName] WindowsEditor [ProjectName] Editor" 

Player connection [23400]  * "[IP] 192.168.137.1 [Port] 0 [Flags] 2 [Guid] 3165738385 [EditorId] 3165738385 [Version] 1048832 [Id] WindowsEditor(7,DESKTOP-FD3M0B4) [Debug] 1 [PackageName] WindowsEditor [ProjectName] Editor" 

Player connection [23400] Host joined multi-casting on [225.0.0.222:54997]...
Player connection [23400] Host joined alternative multi-casting on [225.0.0.222:34997]...
[PhysX] Initialized MultithreadedTaskDispatcher with 16 workers.
Refreshing native plugins compatible for Editor in 13.41 ms, found 3 plugins.
Preloading 0 native plugins for Editor in 0.00 ms.
Initialize engine version: 2022.3.53f1 (df4e529d20d3)
[Subsystems] Discovering subsystems at path C:/Program Files/Unity/Hub/Editor/2022.3.53f1/Editor/Data/Resources/UnitySubsystems
[Subsystems] Discovering subsystems at path C:/Users/GUNHYEONG/Desktop/UIProject/Assets
GfxDevice: creating device client; threaded=0; jobified=0
Direct3D:
    Version:  Direct3D 11.0 [level 11.1]
    Renderer: AMD Radeon RX 6600 (ID=0x73ff)
    Vendor:   ATI
    VRAM:     8147 MB
    Driver:   32.0.11027.1003
Initialize mono
Mono path[0] = 'C:/Program Files/Unity/Hub/Editor/2022.3.53f1/Editor/Data/Managed'
Mono path[1] = 'C:/Program Files/Unity/Hub/Editor/2022.3.53f1/Editor/Data/MonoBleedingEdge/lib/mono/unityjit-win32'
Mono config path = 'C:/Program Files/Unity/Hub/Editor/2022.3.53f1/Editor/Data/MonoBleedingEdge/etc'
Using monoOptions --debugger-agent=transport=dt_socket,embedding=1,server=y,suspend=n,address=127.0.0.1:56332
Begin MonoManager ReloadAssembly
Registering precompiled unity dll's ...
Register platform support module: C:/Program Files/Unity/Hub/Editor/2022.3.53f1/Editor/Data/PlaybackEngines/AndroidPlayer/UnityEditor.Android.Extensions.dll
Register platform support module: C:/Program Files/Unity/Hub/Editor/2022.3.53f1/Editor/Data/PlaybackEngines/WindowsStandaloneSupport/UnityEditor.WindowsStandalone.Extensions.dll
Registered in 0.014917 seconds.
- Loaded All Assemblies, in  0.352 seconds
Native extension for WindowsStandalone target not found
Native extension for Android target not found
Android Extension - Scanning For ADB Devices 346 ms
Mono: successfully reloaded assembly
- Finished resetting the current domain, in  0.618 seconds
Domain Reload Profiling: 966ms
	BeginReloadAssembly (102ms)
		ExecutionOrderSort (0ms)
		DisableScriptedObjects (0ms)
		BackupInstance (0ms)
		ReleaseScriptingObjects (0ms)
		CreateAndSetChildDomain (1ms)
	RebuildCommonClasses (27ms)
	RebuildNativeTypeToScriptingClass (7ms)
	initialDomainReloadingComplete (66ms)
	LoadAllAssembliesAndSetupDomain (145ms)
		LoadAssemblies (98ms)
		RebuildTransferFunctionScriptingTraits (0ms)
		AnalyzeDomain (142ms)
			TypeCache.Refresh (140ms)
				TypeCache.ScanAssembly (127ms)
			ScanForSourceGeneratedMonoScriptInfo (0ms)
			ResolveRequiredComponents (1ms)
	FinalizeReload (619ms)
		ReleaseScriptCaches (0ms)
		RebuildScriptCaches (0ms)
		SetupLoadedEditorAssemblies (578ms)
			LogAssemblyErrors (0ms)
			InitializePlatformSupportModulesInManaged (421ms)
			SetLoadedEditorAssemblies (4ms)
			RefreshPlugins (0ms)
			BeforeProcessingInitializeOnLoad (2ms)
			ProcessInitializeOnLoadAttributes (110ms)
			ProcessInitializeOnLoadMethodAttributes (40ms)
			AfterProcessingInitializeOnLoad (0ms)
			EditorAssembliesLoaded (0ms)
		ExecutionOrderSort2 (0ms)
		AwakeInstancesAfterBackupRestoration (0ms)
========================================================================
Worker process is ready to serve import requests
Caller must complete domain reload
Begin MonoManager ReloadAssembly
- Loaded All Assemblies, in  0.640 seconds
Native extension for WindowsStandalone target not found
Native extension for Android target not found
Mono: successfully reloaded assembly
- Finished resetting the current domain, in  0.614 seconds
Domain Reload Profiling: 1247ms
	BeginReloadAssembly (146ms)
		ExecutionOrderSort (0ms)
		DisableScriptedObjects (4ms)
		BackupInstance (0ms)
		ReleaseScriptingObjects (0ms)
		CreateAndSetChildDomain (25ms)
	RebuildCommonClasses (32ms)
	RebuildNativeTypeToScriptingClass (9ms)
	initialDomainReloadingComplete (51ms)
	LoadAllAssembliesAndSetupDomain (395ms)
		LoadAssemblies (339ms)
		RebuildTransferFunctionScriptingTraits (0ms)
		AnalyzeDomain (143ms)
			TypeCache.Refresh (121ms)
				TypeCache.ScanAssembly (109ms)
			ScanForSourceGeneratedMonoScriptInfo (16ms)
			ResolveRequiredComponents (4ms)
	FinalizeReload (615ms)
		ReleaseScriptCaches (0ms)
		RebuildScriptCaches (0ms)
		SetupLoadedEditorAssemblies (495ms)
			LogAssemblyErrors (0ms)
			InitializePlatformSupportModulesInManaged (21ms)
			SetLoadedEditorAssemblies (5ms)
			RefreshPlugins (0ms)
			BeforeProcessingInitializeOnLoad (89ms)
			ProcessInitializeOnLoadAttributes (349ms)
			ProcessInitializeOnLoadMethodAttributes (19ms)
			AfterProcessingInitializeOnLoad (13ms)
			EditorAssembliesLoaded (0ms)
		ExecutionOrderSort2 (0ms)
		AwakeInstancesAfterBackupRestoration (7ms)
Launched and connected shader compiler UnityShaderCompiler.exe after 0.05 seconds
Refreshing native plugins compatible for Editor in 4.68 ms, found 3 plugins.
Preloading 0 native plugins for Editor in 0.00 ms.
Unloading 3221 Unused Serialized files (Serialized files now loaded: 0)
Unloading 19 unused Assets / (54.8 KB). Loaded Objects now: 3690.
Memory consumption went from 130.0 MB to 130.0 MB.
Total: 2.508200 ms (FindLiveObjects: 0.193900 ms CreateObjectMapping: 0.079500 ms MarkObjects: 2.150100 ms  DeleteObjects: 0.083600 ms)

AssetImportParameters requested are different than current active one (requested -> active):
  custom:container-demuxer-ogg: 62fdf1f143b41e24485cea50d1cbac27 -> 
  custom:video-decoder-ogg-theora: a1e56fd34408186e4bbccfd4996cb3dc -> 
  custom:framework-win-MediaFoundation: 216162199b28c13a410421893ffa2e32 -> 
  custom:CustomObjectIndexerAttribute: 9a22284fe3817be447336de3de66b15e -> 
  custom:container-demuxer-webm: 4f35f7cbe854078d1ac9338744f61a02 -> 
  custom:container-muxer-webm: aa71ff27fc2769a1b78a27578f13a17b -> 
  custom:video-decoder-webm-vp8: 9c59270c3fd7afecdb556c50c9e8de78 -> 
  custom:SearchIndexIgnoredProperties: e643bd26f0fe6173181afceb89e7c659 -> 
  custom:AudioImporter_EditorPlatform: d09bf68614088b80899f8185d706f6e7 -> 
  custom:video-encoder-webm-vp8: eb34c28f22e8b96e1ab97ce403110664 -> 
  custom:audio-decoder-ogg-vorbis: bf7c407c2cedff20999df2af8eb42d56 -> 
  custom:audio-encoder-webm-vorbis: bf7c407c2cedff20999df2af8eb42d56 -> 
========================================================================
Received Import Request.
  Time since last request: 49485.048485 seconds.
  path: Assets/IntelligentLabs/SceneTransitionFXProFREE/Scenes/DemoSceneA_FREE.unity
  artifactKey: Guid(4b6320b48c4e6294fbb9ad2148d37e1c) Importer(815301076,1909f56bfc062723c751e8b465ee728b)
Start importing Assets/IntelligentLabs/SceneTransitionFXProFREE/Scenes/DemoSceneA_FREE.unity using Guid(4b6320b48c4e6294fbb9ad2148d37e1c) Importer(815301076,1909f56bfc062723c751e8b465ee728b) [PhysX] Initialized MultithreadedTaskDispatcher with 16 workers.
 -> (artifact id: '340884803732af282bfa36912e8cc1b6') in 0.002309 seconds
Number of updated asset objects reloaded before import = 0
Number of asset objects unloaded after import = 0
========================================================================
Received Import Request.
  Time since last request: 3.482384 seconds.
  path: Assets/RGRes/Common
  artifactKey: Guid(f09a5274f058014428c61ae653a461ea) Importer(815301076,1909f56bfc062723c751e8b465ee728b)
Start importing Assets/RGRes/Common using Guid(f09a5274f058014428c61ae653a461ea) Importer(815301076,1909f56bfc062723c751e8b465ee728b) [PhysX] Initialized MultithreadedTaskDispatcher with 16 workers.
 -> (artifact id: '4a07a2452a74d8228d0c57b82d79b3c1') in 0.000531 seconds
Number of updated asset objects reloaded before import = 0
Number of asset objects unloaded after import = 0
========================================================================
Received Import Request.
  Time since last request: 0.552125 seconds.
  path: Assets/RGRes/Common/RawData
  artifactKey: Guid(e547db289b6b66f41b0c191c31b7caea) Importer(815301076,1909f56bfc062723c751e8b465ee728b)
Start importing Assets/RGRes/Common/RawData using Guid(e547db289b6b66f41b0c191c31b7caea) Importer(815301076,1909f56bfc062723c751e8b465ee728b) [PhysX] Initialized MultithreadedTaskDispatcher with 16 workers.
 -> (artifact id: '61c0ecdb3fa4b6d72a2965f0e7c71160') in 0.000414 seconds
Number of updated asset objects reloaded before import = 0
Number of asset objects unloaded after import = 0
========================================================================
Received Import Request.
  Time since last request: 1.808615 seconds.
  path: Assets/RGRes/LM/RawData
  artifactKey: Guid(298ac5d7c9b0d8a45b370057d69b2f05) Importer(815301076,1909f56bfc062723c751e8b465ee728b)
Start importing Assets/RGRes/LM/RawData using Guid(298ac5d7c9b0d8a45b370057d69b2f05) Importer(815301076,1909f56bfc062723c751e8b465ee728b) [PhysX] Initialized MultithreadedTaskDispatcher with 16 workers.
 -> (artifact id: 'c1163395c09c148c98008bbbe22f1ce5') in 0.000433 seconds
Number of updated asset objects reloaded before import = 0
Number of asset objects unloaded after import = 0
========================================================================
Received Import Request.
  Time since last request: 1.567106 seconds.
  path: Assets/RGRes/LM/RawData/UI
  artifactKey: Guid(6b7b1a4f4ffdcdc4ca8f54cb05e11b0e) Importer(815301076,1909f56bfc062723c751e8b465ee728b)
Start importing Assets/RGRes/LM/RawData/UI using Guid(6b7b1a4f4ffdcdc4ca8f54cb05e11b0e) Importer(815301076,1909f56bfc062723c751e8b465ee728b) [PhysX] Initialized MultithreadedTaskDispatcher with 16 workers.
 -> (artifact id: 'e8be84477d7fa5280ae12feabad97723') in 0.000438 seconds
Number of updated asset objects reloaded before import = 0
Number of asset objects unloaded after import = 0
========================================================================
Received Import Request.
  Time since last request: 0.613927 seconds.
  path: Assets/RGRes/LM/RawData/UI/SDR
  artifactKey: Guid(2fc87cd38945137418bb1d2932c4e826) Importer(815301076,1909f56bfc062723c751e8b465ee728b)
Start importing Assets/RGRes/LM/RawData/UI/SDR using Guid(2fc87cd38945137418bb1d2932c4e826) Importer(815301076,1909f56bfc062723c751e8b465ee728b) [PhysX] Initialized MultithreadedTaskDispatcher with 16 workers.
 -> (artifact id: 'd8218c2b9fd5abf5b2d580731b886e1b') in 0.000435 seconds
Number of updated asset objects reloaded before import = 0
Number of asset objects unloaded after import = 0
========================================================================
Received Import Request.
  Time since last request: 10.635387 seconds.
  path: Assets/RGScene/HangulKeyborad.cs
  artifactKey: Guid(ee3f3729187770a46a9c6a8ac10bdcbd) Importer(815301076,1909f56bfc062723c751e8b465ee728b)
Start importing Assets/RGScene/HangulKeyborad.cs using Guid(ee3f3729187770a46a9c6a8ac10bdcbd) Importer(815301076,1909f56bfc062723c751e8b465ee728b) [PhysX] Initialized MultithreadedTaskDispatcher with 16 workers.
 -> (artifact id: 'fec864b99103bdb20b190715b7b3da00') in 0.000599 seconds
Number of updated asset objects reloaded before import = 0
Number of asset objects unloaded after import = 0
========================================================================
Received Import Request.
  Time since last request: 11.705225 seconds.
  path: Assets/Scenes/Test.unity
  artifactKey: Guid(91ff4f3aab33f9747a26f49e4e5452b8) Importer(815301076,1909f56bfc062723c751e8b465ee728b)
Start importing Assets/Scenes/Test.unity using Guid(91ff4f3aab33f9747a26f49e4e5452b8) Importer(815301076,1909f56bfc062723c751e8b465ee728b) [PhysX] Initialized MultithreadedTaskDispatcher with 16 workers.
 -> (artifact id: 'f3eaaaa725ba6c4947acf1b43d8d3c08') in 0.000483 seconds
Number of updated asset objects reloaded before import = 0
Number of asset objects unloaded after import = 0
========================================================================
Received Import Request.
  Time since last request: 765.108084 seconds.
  path: Assets/Scenes/Community.unity
  artifactKey: Guid(dc657e042fe9cb0409fb5af61f7ce4c4) Importer(815301076,1909f56bfc062723c751e8b465ee728b)
Start importing Assets/Scenes/Community.unity using Guid(dc657e042fe9cb0409fb5af61f7ce4c4) Importer(815301076,1909f56bfc062723c751e8b465ee728b) [PhysX] Initialized MultithreadedTaskDispatcher with 16 workers.
 -> (artifact id: '2dcb6eb9e7916e9b005170efb0d512ec') in 0.000532 seconds
Number of updated asset objects reloaded before import = 0
Number of asset objects unloaded after import = 0
========================================================================
Received Import Request.
  Time since last request: 11.820876 seconds.
  path: Assets/IntelligentLabs/SceneTransitionFXProFREE/Sprites/button_white_FREE.png
  artifactKey: Guid(dd93ebaf4aa30534bb7c668e875a6c22) Importer(815301076,1909f56bfc062723c751e8b465ee728b)
Start importing Assets/IntelligentLabs/SceneTransitionFXProFREE/Sprites/button_white_FREE.png using Guid(dd93ebaf4aa30534bb7c668e875a6c22) Importer(815301076,1909f56bfc062723c751e8b465ee728b) [PhysX] Initialized MultithreadedTaskDispatcher with 16 workers.
[PhysX] Initialized MultithreadedTaskDispatcher with 16 workers.
 -> (artifact id: '502765196525eef36a9d294cd48d9ee1') in 0.091215 seconds
Number of updated asset objects reloaded before import = 0
Number of asset objects unloaded after import = 3
========================================================================
Received Import Request.
  Time since last request: 0.000020 seconds.
  path: Assets/IntelligentLabs/SceneTransitionFXProFREE/Sprites/TagYourPanelGreen_FREE.png
  artifactKey: Guid(9b44983aa770ec44ea14e145b5d55bd0) Importer(815301076,1909f56bfc062723c751e8b465ee728b)
Start importing Assets/IntelligentLabs/SceneTransitionFXProFREE/Sprites/TagYourPanelGreen_FREE.png using Guid(9b44983aa770ec44ea14e145b5d55bd0) Importer(815301076,1909f56bfc062723c751e8b465ee728b) [PhysX] Initialized MultithreadedTaskDispatcher with 16 workers.
[PhysX] Initialized MultithreadedTaskDispatcher with 16 workers.
 -> (artifact id: 'c27a3b7eab5a6c2037d878af1dcf57ab') in 0.017480 seconds
Number of updated asset objects reloaded before import = 0
Number of asset objects unloaded after import = 3
========================================================================
Received Import Request.
  Time since last request: 0.000025 seconds.
  path: Assets/IntelligentLabs/SceneTransitionFXProFREE/Sprites/TagYourPanelYellow_FREE.png
  artifactKey: Guid(ee9daeac4098ede40b9d8655b7c36dfa) Importer(815301076,1909f56bfc062723c751e8b465ee728b)
Start importing Assets/IntelligentLabs/SceneTransitionFXProFREE/Sprites/TagYourPanelYellow_FREE.png using Guid(ee9daeac4098ede40b9d8655b7c36dfa) Importer(815301076,1909f56bfc062723c751e8b465ee728b) [PhysX] Initialized MultithreadedTaskDispatcher with 16 workers.
[PhysX] Initialized MultithreadedTaskDispatcher with 16 workers.
 -> (artifact id: 'eafdce13c18010bc658ead180ac22839') in 0.014152 seconds
Number of updated asset objects reloaded before import = 0
Number of asset objects unloaded after import = 3
========================================================================
Received Import Request.
  Time since last request: 0.000018 seconds.
  path: Assets/IntelligentLabs/SceneTransitionFXProFREE/Sprites/logo_IntelligentLabs_FREE.png
  artifactKey: Guid(b85109c31172eb04f891e237dcab1afa) Importer(815301076,1909f56bfc062723c751e8b465ee728b)
Start importing Assets/IntelligentLabs/SceneTransitionFXProFREE/Sprites/logo_IntelligentLabs_FREE.png using Guid(b85109c31172eb04f891e237dcab1afa) Importer(815301076,1909f56bfc062723c751e8b465ee728b) [PhysX] Initialized MultithreadedTaskDispatcher with 16 workers.
[PhysX] Initialized MultithreadedTaskDispatcher with 16 workers.
 -> (artifact id: '5c1c754602fa16ca3daa42b4b2a7a91b') in 0.022165 seconds
Number of updated asset objects reloaded before import = 0
Number of asset objects unloaded after import = 3
========================================================================
Received Import Request.
  Time since last request: 0.000017 seconds.
  path: Assets/IntelligentLabs/SceneTransitionFXProFREE/Sprites/TagYourPanelRed_FREE.png
  artifactKey: Guid(734591bb8aae19c43af4278ebdfd5a0c) Importer(815301076,1909f56bfc062723c751e8b465ee728b)
Start importing Assets/IntelligentLabs/SceneTransitionFXProFREE/Sprites/TagYourPanelRed_FREE.png using Guid(734591bb8aae19c43af4278ebdfd5a0c) Importer(815301076,1909f56bfc062723c751e8b465ee728b) [PhysX] Initialized MultithreadedTaskDispatcher with 16 workers.
[PhysX] Initialized MultithreadedTaskDispatcher with 16 workers.
 -> (artifact id: 'd2fe95f828ecb4ca75c5be39a0c454cb') in 0.021653 seconds
Number of updated asset objects reloaded before import = 0
Number of asset objects unloaded after import = 3
Editor requested this worker to shutdown with reason: Scaling down because of idle timeout
TcpMessagingSession - receive error: operation aborted. errorcode: 995, details: 스레드 종료 또는 응용 프로그램 요청 때문에 I/O 작업이 취소되었습니다.
AssetImportWorker is now disconnected from the server
Process exiting
Exiting without the bug reporter. Application will terminate with return code 0